{"/Users/akmarhw/Documents/redux-box/src/composeEnhancers.js": {"path":"/Users/akmarhw/Documents/redux-box/src/composeEnhancers.js","statementMap":{"0":{"start":{"line":16,"column":4},"end":{"line":16,"column":64}},"1":{"start":{"line":19,"column":17},"end":{"line":19,"column":79}},"2":{"start":{"line":22,"column":2},"end":{"line":32,"column":3}},"3":{"start":{"line":23,"column":26},"end":{"line":23,"column":55}},"4":{"start":{"line":24,"column":4},"end":{"line":26,"column":5}},"5":{"start":{"line":25,"column":6},"end":{"line":25,"column":27}},"6":{"start":{"line":27,"column":4},"end":{"line":31,"column":6}},"7":{"start":{"line":34,"column":2},"end":{"line":34,"column":18}},"8":{"start":{"line":38,"column":24},"end":{"line":38,"column":53}},"9":{"start":{"line":40,"column":2},"end":{"line":45,"column":51}},"10":{"start":{"line":41,"column":4},"end":{"line":44,"column":6}},"11":{"start":{"line":45,"column":9},"end":{"line":45,"column":51}},"12":{"start":{"line":45,"column":28},"end":{"line":45,"column":51}},"13":{"start":{"line":48,"column":2},"end":{"line":52,"column":16}},"14":{"start":{"line":52,"column":4},"end":{"line":52,"column":16}},"15":{"start":{"line":55,"column":2},"end":{"line":55,"column":15}}},"fnMap":{"0":{"name":"composeEnhancers","decl":{"start":{"line":14,"column":9},"end":{"line":14,"column":25}},"loc":{"start":{"line":14,"column":34},"end":{"line":35,"column":1}},"line":14},"1":{"name":"shouldEnableDevTools","decl":{"start":{"line":37,"column":9},"end":{"line":37,"column":29}},"loc":{"start":{"line":37,"column":38},"end":{"line":56,"column":1}},"line":37}},"branchMap":{"0":{"loc":{"start":{"line":16,"column":4},"end":{"line":16,"column":64}},"type":"binary-expr","locations":[{"start":{"line":16,"column":4},"end":{"line":16,"column":17}},{"start":{"line":16,"column":21},"end":{"line":16,"column":64}}],"line":16},"1":{"loc":{"start":{"line":19,"column":17},"end":{"line":19,"column":79}},"type":"cond-expr","locations":[{"start":{"line":19,"column":48},"end":{"line":19,"column":69}},{"start":{"line":19,"column":72},"end":{"line":19,"column":79}}],"line":19},"2":{"loc":{"start":{"line":19,"column":48},"end":{"line":19,"column":69}},"type":"binary-expr","locations":[{"start":{"line":19,"column":48},"end":{"line":19,"column":58}},{"start":{"line":19,"column":62},"end":{"line":19,"column":69}}],"line":19},"3":{"loc":{"start":{"line":22,"column":2},"end":{"line":32,"column":3}},"type":"if","locations":[{"start":{"line":22,"column":2},"end":{"line":32,"column":3}},{"start":{"line":22,"column":2},"end":{"line":32,"column":3}}],"line":22},"4":{"loc":{"start":{"line":22,"column":6},"end":{"line":22,"column":39}},"type":"binary-expr","locations":[{"start":{"line":22,"column":6},"end":{"line":22,"column":14}},{"start":{"line":22,"column":18},"end":{"line":22,"column":39}}],"line":22},"5":{"loc":{"start":{"line":24,"column":4},"end":{"line":26,"column":5}},"type":"if","locations":[{"start":{"line":24,"column":4},"end":{"line":26,"column":5}},{"start":{"line":24,"column":4},"end":{"line":26,"column":5}}],"line":24},"6":{"loc":{"start":{"line":40,"column":2},"end":{"line":45,"column":51}},"type":"if","locations":[{"start":{"line":40,"column":2},"end":{"line":45,"column":51}},{"start":{"line":40,"column":2},"end":{"line":45,"column":51}}],"line":40},"7":{"loc":{"start":{"line":40,"column":6},"end":{"line":40,"column":58}},"type":"binary-expr","locations":[{"start":{"line":40,"column":6},"end":{"line":40,"column":19}},{"start":{"line":40,"column":23},"end":{"line":40,"column":58}}],"line":40},"8":{"loc":{"start":{"line":45,"column":9},"end":{"line":45,"column":51}},"type":"if","locations":[{"start":{"line":45,"column":9},"end":{"line":45,"column":51}},{"start":{"line":45,"column":9},"end":{"line":45,"column":51}}],"line":45},"9":{"loc":{"start":{"line":48,"column":2},"end":{"line":52,"column":16}},"type":"if","locations":[{"start":{"line":48,"column":2},"end":{"line":52,"column":16}},{"start":{"line":48,"column":2},"end":{"line":52,"column":16}}],"line":48},"10":{"loc":{"start":{"line":49,"column":4},"end":{"line":50,"column":50}},"type":"binary-expr","locations":[{"start":{"line":49,"column":4},"end":{"line":49,"column":30}},{"start":{"line":50,"column":4},"end":{"line":50,"column":50}}],"line":49}},"s":{"0":10,"1":10,"2":10,"3":2,"4":2,"5":1,"6":1,"7":9,"8":10,"9":10,"10":1,"11":9,"12":2,"13":8,"14":1,"15":7},"f":{"0":10,"1":10},"b":{"0":[10,10],"1":[2,8],"2":[2,0],"3":[2,8],"4":[10,9],"5":[1,1],"6":[1,9],"7":[10,3],"8":[2,7],"9":[1,7],"10":[8,8]},"_coverageSchema":"43e27e138ebf9cfc5966b082cf9a028302ed4184","hash":"dced5127bea0545d2a97686edaafd3b4c5779c23"}
,"/Users/akmarhw/Documents/redux-box/src/connectStore.js": {"path":"/Users/akmarhw/Documents/redux-box/src/connectStore.js","statementMap":{"0":{"start":{"line":31,"column":6},"end":{"line":31,"column":20}},"1":{"start":{"line":26,"column":24},"end":{"line":26,"column":29}},"2":{"start":{"line":35,"column":23},"end":{"line":37,"column":5}},"3":{"start":{"line":40,"column":4},"end":{"line":42,"column":7}},"4":{"start":{"line":41,"column":6},"end":{"line":41,"column":68}},"5":{"start":{"line":44,"column":4},"end":{"line":44,"column":22}},"6":{"start":{"line":48,"column":2},"end":{"line":53,"column":4}}},"fnMap":{"0":{"name":"connectStore","decl":{"start":{"line":24,"column":9},"end":{"line":24,"column":21}},"loc":{"start":{"line":24,"column":43},"end":{"line":54,"column":1}},"line":24},"1":{"name":"(anonymous_1)","decl":{"start":{"line":26,"column":15},"end":{"line":26,"column":16}},"loc":{"start":{"line":26,"column":24},"end":{"line":26,"column":29}},"line":26},"2":{"name":"(anonymous_2)","decl":{"start":{"line":29,"column":17},"end":{"line":29,"column":18}},"loc":{"start":{"line":29,"column":23},"end":{"line":29,"column":25}},"line":29},"3":{"name":"mapStateToProps","decl":{"start":{"line":34,"column":11},"end":{"line":34,"column":26}},"loc":{"start":{"line":34,"column":41},"end":{"line":45,"column":3}},"line":34},"4":{"name":"(anonymous_4)","decl":{"start":{"line":40,"column":41},"end":{"line":40,"column":42}},"loc":{"start":{"line":40,"column":67},"end":{"line":42,"column":5}},"line":40}},"branchMap":{"0":{"loc":{"start":{"line":24,"column":22},"end":{"line":24,"column":41}},"type":"default-arg","locations":[{"start":{"line":24,"column":39},"end":{"line":24,"column":41}}],"line":24},"1":{"loc":{"start":{"line":26,"column":4},"end":{"line":26,"column":29}},"type":"default-arg","locations":[{"start":{"line":26,"column":15},"end":{"line":26,"column":29}}],"line":26},"2":{"loc":{"start":{"line":27,"column":4},"end":{"line":27,"column":23}},"type":"default-arg","locations":[{"start":{"line":27,"column":21},"end":{"line":27,"column":23}}],"line":27},"3":{"loc":{"start":{"line":28,"column":4},"end":{"line":28,"column":21}},"type":"default-arg","locations":[{"start":{"line":28,"column":19},"end":{"line":28,"column":21}}],"line":28},"4":{"loc":{"start":{"line":29,"column":4},"end":{"line":29,"column":25}},"type":"default-arg","locations":[{"start":{"line":29,"column":17},"end":{"line":29,"column":25}}],"line":29},"5":{"loc":{"start":{"line":30,"column":4},"end":{"line":30,"column":16}},"type":"default-arg","locations":[{"start":{"line":30,"column":14},"end":{"line":30,"column":16}}],"line":30}},"s":{"0":0,"1":0,"2":0,"3":0,"4":0,"5":0,"6":0},"f":{"0":0,"1":0,"2":0,"3":0,"4":0},"b":{"0":[0],"1":[0],"2":[0],"3":[0],"4":[0],"5":[0]},"_coverageSchema":"43e27e138ebf9cfc5966b082cf9a028302ed4184","hash":"10a0a693d75a1c7a62ea8b7d461a7e0e9cb5c3e6"}
,"/Users/akmarhw/Documents/redux-box/src/createModule.js": {"path":"/Users/akmarhw/Documents/redux-box/src/createModule.js","statementMap":{"0":{"start":{"line":4,"column":2},"end":{"line":6,"column":18}},"1":{"start":{"line":15,"column":13},"end":{"line":15,"column":43}},"2":{"start":{"line":16,"column":2},"end":{"line":28,"column":4}},"3":{"start":{"line":20,"column":6},"end":{"line":20,"column":40}},"4":{"start":{"line":23,"column":25},"end":{"line":23,"column":51}},"5":{"start":{"line":24,"column":6},"end":{"line":26,"column":8}},"6":{"start":{"line":25,"column":8},"end":{"line":25,"column":53}}},"fnMap":{"0":{"name":"randomStr","decl":{"start":{"line":3,"column":16},"end":{"line":3,"column":25}},"loc":{"start":{"line":3,"column":28},"end":{"line":7,"column":1}},"line":3},"1":{"name":"createModule","decl":{"start":{"line":14,"column":24},"end":{"line":14,"column":36}},"loc":{"start":{"line":14,"column":48},"end":{"line":29,"column":1}},"line":14},"2":{"name":"(anonymous_2)","decl":{"start":{"line":19,"column":4},"end":{"line":19,"column":5}},"loc":{"start":{"line":19,"column":14},"end":{"line":21,"column":5}},"line":19},"3":{"name":"(anonymous_3)","decl":{"start":{"line":22,"column":4},"end":{"line":22,"column":5}},"loc":{"start":{"line":22,"column":18},"end":{"line":27,"column":5}},"line":22},"4":{"name":"(anonymous_4)","decl":{"start":{"line":24,"column":13},"end":{"line":24,"column":14}},"loc":{"start":{"line":24,"column":29},"end":{"line":26,"column":7}},"line":24}},"branchMap":{"0":{"loc":{"start":{"line":25,"column":15},"end":{"line":25,"column":52}},"type":"cond-expr","locations":[{"start":{"line":25,"column":28},"end":{"line":25,"column":45}},{"start":{"line":25,"column":48},"end":{"line":25,"column":52}}],"line":25}},"s":{"0":9,"1":3,"2":3,"3":1,"4":3,"5":3,"6":2},"f":{"0":9,"1":3,"2":1,"3":3,"4":2},"b":{"0":[1,1]},"_coverageSchema":"43e27e138ebf9cfc5966b082cf9a028302ed4184","hash":"72454f1781579cd5cbe67748b177fb5ee6b22d77"}
,"/Users/akmarhw/Documents/redux-box/src/createSagas.js": {"path":"/Users/akmarhw/Documents/redux-box/src/createSagas.js","statementMap":{"0":{"start":{"line":25,"column":12},"end":{"line":25,"column":14}},"1":{"start":{"line":26,"column":20},"end":{"line":26,"column":25}},"2":{"start":{"line":27,"column":18},"end":{"line":27,"column":42}},"3":{"start":{"line":28,"column":2},"end":{"line":44,"column":5}},"4":{"start":{"line":29,"column":17},"end":{"line":29,"column":40}},"5":{"start":{"line":30,"column":22},"end":{"line":30,"column":38}},"6":{"start":{"line":31,"column":15},"end":{"line":31,"column":50}},"7":{"start":{"line":33,"column":18},"end":{"line":35,"column":5}},"8":{"start":{"line":34,"column":6},"end":{"line":34,"column":44}},"9":{"start":{"line":37,"column":4},"end":{"line":41,"column":5}},"10":{"start":{"line":38,"column":6},"end":{"line":40,"column":8}},"11":{"start":{"line":39,"column":8},"end":{"line":39,"column":45}},"12":{"start":{"line":43,"column":4},"end":{"line":43,"column":24}},"13":{"start":{"line":45,"column":2},"end":{"line":45,"column":13}}},"fnMap":{"0":{"name":"createSagas","decl":{"start":{"line":24,"column":9},"end":{"line":24,"column":20}},"loc":{"start":{"line":24,"column":34},"end":{"line":46,"column":1}},"line":24},"1":{"name":"(anonymous_1)","decl":{"start":{"line":28,"column":20},"end":{"line":28,"column":21}},"loc":{"start":{"line":28,"column":27},"end":{"line":44,"column":3}},"line":28},"2":{"name":"(anonymous_2)","decl":{"start":{"line":33,"column":18},"end":{"line":33,"column":19}},"loc":{"start":{"line":33,"column":30},"end":{"line":35,"column":5}},"line":33},"3":{"name":"(anonymous_3)","decl":{"start":{"line":38,"column":16},"end":{"line":38,"column":17}},"loc":{"start":{"line":38,"column":28},"end":{"line":40,"column":7}},"line":38}},"branchMap":{"0":{"loc":{"start":{"line":31,"column":15},"end":{"line":31,"column":50}},"type":"binary-expr","locations":[{"start":{"line":31,"column":15},"end":{"line":31,"column":38}},{"start":{"line":31,"column":42},"end":{"line":31,"column":50}}],"line":31},"1":{"loc":{"start":{"line":37,"column":4},"end":{"line":41,"column":5}},"type":"if","locations":[{"start":{"line":37,"column":4},"end":{"line":41,"column":5}},{"start":{"line":37,"column":4},"end":{"line":41,"column":5}}],"line":37}},"s":{"0":3,"1":3,"2":3,"3":3,"4":3,"5":3,"6":3,"7":3,"8":0,"9":3,"10":1,"11":0,"12":3,"13":3},"f":{"0":3,"1":3,"2":0,"3":0},"b":{"0":[3,1],"1":[1,2]},"_coverageSchema":"43e27e138ebf9cfc5966b082cf9a028302ed4184","hash":"dbea3a60c298ebf34477136b9f6c45caeef8b925"}
,"/Users/akmarhw/Documents/redux-box/src/createStore.js": {"path":"/Users/akmarhw/Documents/redux-box/src/createStore.js","statementMap":{"0":{"start":{"line":44,"column":22},"end":{"line":44,"column":42}},"1":{"start":{"line":47,"column":25},"end":{"line":47,"column":47}},"2":{"start":{"line":48,"column":20},"end":{"line":48,"column":36}},"3":{"start":{"line":51,"column":2},"end":{"line":53,"column":3}},"4":{"start":{"line":52,"column":4},"end":{"line":52,"column":57}},"5":{"start":{"line":56,"column":20},"end":{"line":56,"column":54}},"6":{"start":{"line":57,"column":14},"end":{"line":57,"column":16}},"7":{"start":{"line":60,"column":2},"end":{"line":69,"column":5}},"8":{"start":{"line":61,"column":19},"end":{"line":61,"column":38}},"9":{"start":{"line":62,"column":4},"end":{"line":62,"column":48}},"10":{"start":{"line":63,"column":4},"end":{"line":63,"column":39}},"11":{"start":{"line":64,"column":24},"end":{"line":64,"column":66}},"12":{"start":{"line":66,"column":4},"end":{"line":67,"column":60}},"13":{"start":{"line":67,"column":6},"end":{"line":67,"column":60}},"14":{"start":{"line":68,"column":4},"end":{"line":68,"column":44}},"15":{"start":{"line":71,"column":2},"end":{"line":71,"column":60}},"16":{"start":{"line":73,"column":24},"end":{"line":73,"column":52}},"17":{"start":{"line":74,"column":2},"end":{"line":76,"column":3}},"18":{"start":{"line":75,"column":4},"end":{"line":75,"column":62}},"19":{"start":{"line":77,"column":23},"end":{"line":77,"column":50}},"20":{"start":{"line":78,"column":17},"end":{"line":78,"column":41}},"21":{"start":{"line":80,"column":14},"end":{"line":84,"column":3}},"22":{"start":{"line":88,"column":4},"end":{"line":94,"column":5}},"23":{"start":{"line":89,"column":6},"end":{"line":93,"column":7}},"24":{"start":{"line":90,"column":8},"end":{"line":90,"column":25}},"25":{"start":{"line":92,"column":8},"end":{"line":92,"column":73}},"26":{"start":{"line":97,"column":2},"end":{"line":97,"column":31}},"27":{"start":{"line":98,"column":2},"end":{"line":98,"column":15}}},"fnMap":{"0":{"name":"createStore","decl":{"start":{"line":42,"column":9},"end":{"line":42,"column":20}},"loc":{"start":{"line":42,"column":43},"end":{"line":99,"column":1}},"line":42},"1":{"name":"(anonymous_1)","decl":{"start":{"line":60,"column":22},"end":{"line":60,"column":23}},"loc":{"start":{"line":60,"column":36},"end":{"line":69,"column":3}},"line":60},"2":{"name":"rootSaga","decl":{"start":{"line":87,"column":12},"end":{"line":87,"column":20}},"loc":{"start":{"line":87,"column":23},"end":{"line":95,"column":3}},"line":87}},"branchMap":{"0":{"loc":{"start":{"line":42,"column":30},"end":{"line":42,"column":41}},"type":"default-arg","locations":[{"start":{"line":42,"column":39},"end":{"line":42,"column":41}}],"line":42},"1":{"loc":{"start":{"line":51,"column":2},"end":{"line":53,"column":3}},"type":"if","locations":[{"start":{"line":51,"column":2},"end":{"line":53,"column":3}},{"start":{"line":51,"column":2},"end":{"line":53,"column":3}}],"line":51},"2":{"loc":{"start":{"line":66,"column":4},"end":{"line":67,"column":60}},"type":"if","locations":[{"start":{"line":66,"column":4},"end":{"line":67,"column":60}},{"start":{"line":66,"column":4},"end":{"line":67,"column":60}}],"line":66},"3":{"loc":{"start":{"line":71,"column":10},"end":{"line":71,"column":59}},"type":"cond-expr","locations":[{"start":{"line":71,"column":25},"end":{"line":71,"column":51}},{"start":{"line":71,"column":54},"end":{"line":71,"column":59}}],"line":71},"4":{"loc":{"start":{"line":74,"column":2},"end":{"line":76,"column":3}},"type":"if","locations":[{"start":{"line":74,"column":2},"end":{"line":76,"column":3}},{"start":{"line":74,"column":2},"end":{"line":76,"column":3}}],"line":74},"5":{"loc":{"start":{"line":77,"column":23},"end":{"line":77,"column":50}},"type":"binary-expr","locations":[{"start":{"line":77,"column":23},"end":{"line":77,"column":44}},{"start":{"line":77,"column":48},"end":{"line":77,"column":50}}],"line":77}},"s":{"0":4,"1":4,"2":4,"3":4,"4":0,"5":4,"6":4,"7":4,"8":4,"9":4,"10":4,"11":4,"12":4,"13":4,"14":4,"15":4,"16":4,"17":4,"18":1,"19":4,"20":4,"21":4,"22":4,"23":2582,"24":2582,"25":0,"26":4,"27":4},"f":{"0":4,"1":4,"2":4},"b":{"0":[3],"1":[0,4],"2":[4,0],"3":[1,3],"4":[1,3],"5":[4,4]},"_coverageSchema":"43e27e138ebf9cfc5966b082cf9a028302ed4184","hash":"1c2404e6e65c45665c580c4477d199d12b7e7298"}
,"/Users/akmarhw/Documents/redux-box/src/getReducer.js": {"path":"/Users/akmarhw/Documents/redux-box/src/getReducer.js","statementMap":{"0":{"start":{"line":11,"column":2},"end":{"line":22,"column":4}},"1":{"start":{"line":12,"column":26},"end":{"line":12,"column":48}},"2":{"start":{"line":14,"column":4},"end":{"line":19,"column":5}},"3":{"start":{"line":15,"column":24},"end":{"line":17,"column":8}},"4":{"start":{"line":16,"column":8},"end":{"line":16,"column":45}},"5":{"start":{"line":18,"column":6},"end":{"line":18,"column":23}},"6":{"start":{"line":21,"column":4},"end":{"line":21,"column":17}}},"fnMap":{"0":{"name":"getReducer","decl":{"start":{"line":10,"column":9},"end":{"line":10,"column":19}},"loc":{"start":{"line":10,"column":45},"end":{"line":23,"column":1}},"line":10},"1":{"name":"_reducer","decl":{"start":{"line":11,"column":18},"end":{"line":11,"column":26}},"loc":{"start":{"line":11,"column":57},"end":{"line":22,"column":3}},"line":11},"2":{"name":"(anonymous_2)","decl":{"start":{"line":15,"column":39},"end":{"line":15,"column":40}},"loc":{"start":{"line":15,"column":54},"end":{"line":17,"column":7}},"line":15}},"branchMap":{"0":{"loc":{"start":{"line":11,"column":27},"end":{"line":11,"column":47}},"type":"default-arg","locations":[{"start":{"line":11,"column":35},"end":{"line":11,"column":47}}],"line":11},"1":{"loc":{"start":{"line":14,"column":4},"end":{"line":19,"column":5}},"type":"if","locations":[{"start":{"line":14,"column":4},"end":{"line":19,"column":5}},{"start":{"line":14,"column":4},"end":{"line":19,"column":5}}],"line":14}},"s":{"0":5,"1":13,"2":13,"3":1,"4":1,"5":1,"6":12},"f":{"0":5,"1":13,"2":1},"b":{"0":[12],"1":[1,12]},"_coverageSchema":"43e27e138ebf9cfc5966b082cf9a028302ed4184","hash":"b1bed331c6ddd421cef0c9fbd36c60847e2d6b54"}
,"/Users/akmarhw/Documents/redux-box/src/index.js": {"path":"/Users/akmarhw/Documents/redux-box/src/index.js","statementMap":{},"fnMap":{},"branchMap":{},"s":{},"f":{},"b":{},"_coverageSchema":"43e27e138ebf9cfc5966b082cf9a028302ed4184","hash":"7ad84af7965275960fb2d624f1559b9ee7440f6f"}
,"/Users/akmarhw/Documents/redux-box/src/moduleRegistry.js": {"path":"/Users/akmarhw/Documents/redux-box/src/moduleRegistry.js","statementMap":{"0":{"start":{"line":2,"column":2},"end":{"line":2,"column":20}},"1":{"start":{"line":5,"column":0},"end":{"line":10,"column":2}},"2":{"start":{"line":6,"column":2},"end":{"line":9,"column":4}},"3":{"start":{"line":12,"column":0},"end":{"line":14,"column":2}},"4":{"start":{"line":13,"column":2},"end":{"line":13,"column":57}},"5":{"start":{"line":16,"column":17},"end":{"line":16,"column":37}}},"fnMap":{"0":{"name":"ModuleRegistry","decl":{"start":{"line":1,"column":9},"end":{"line":1,"column":23}},"loc":{"start":{"line":1,"column":26},"end":{"line":3,"column":1}},"line":1},"1":{"name":"registerModule","decl":{"start":{"line":5,"column":45},"end":{"line":5,"column":59}},"loc":{"start":{"line":5,"column":74},"end":{"line":10,"column":1}},"line":5},"2":{"name":"getModuleName","decl":{"start":{"line":12,"column":44},"end":{"line":12,"column":57}},"loc":{"start":{"line":12,"column":62},"end":{"line":14,"column":1}},"line":12}},"branchMap":{"0":{"loc":{"start":{"line":13,"column":9},"end":{"line":13,"column":56}},"type":"cond-expr","locations":[{"start":{"line":13,"column":28},"end":{"line":13,"column":49}},{"start":{"line":13,"column":52},"end":{"line":13,"column":56}}],"line":13}},"s":{"0":2,"1":2,"2":4,"3":2,"4":4,"5":2},"f":{"0":2,"1":4,"2":4},"b":{"0":[2,2]},"_coverageSchema":"43e27e138ebf9cfc5966b082cf9a028302ed4184","hash":"c130897b214d178a9bd17a9c5660bf96050d2b62"}
,"/Users/akmarhw/Documents/redux-box/src/utils/get.js": {"path":"/Users/akmarhw/Documents/redux-box/src/utils/get.js","statementMap":{"0":{"start":{"line":2,"column":2},"end":{"line":4,"column":3}},"1":{"start":{"line":3,"column":4},"end":{"line":3,"column":22}},"2":{"start":{"line":5,"column":2},"end":{"line":5,"column":54}},"3":{"start":{"line":6,"column":2},"end":{"line":6,"column":27}},"4":{"start":{"line":7,"column":2},"end":{"line":9,"column":3}},"5":{"start":{"line":8,"column":4},"end":{"line":8,"column":50}},"6":{"start":{"line":10,"column":2},"end":{"line":10,"column":52}}},"fnMap":{"0":{"name":"get","decl":{"start":{"line":1,"column":24},"end":{"line":1,"column":27}},"loc":{"start":{"line":1,"column":66},"end":{"line":11,"column":1}},"line":1}},"branchMap":{"0":{"loc":{"start":{"line":1,"column":42},"end":{"line":1,"column":64}},"type":"default-arg","locations":[{"start":{"line":1,"column":55},"end":{"line":1,"column":64}}],"line":1},"1":{"loc":{"start":{"line":2,"column":2},"end":{"line":4,"column":3}},"type":"if","locations":[{"start":{"line":2,"column":2},"end":{"line":4,"column":3}},{"start":{"line":2,"column":2},"end":{"line":4,"column":3}}],"line":2},"2":{"loc":{"start":{"line":5,"column":9},"end":{"line":5,"column":53}},"type":"cond-expr","locations":[{"start":{"line":5,"column":31},"end":{"line":5,"column":35}},{"start":{"line":5,"column":38},"end":{"line":5,"column":53}}],"line":5},"3":{"loc":{"start":{"line":7,"column":2},"end":{"line":9,"column":3}},"type":"if","locations":[{"start":{"line":7,"column":2},"end":{"line":9,"column":3}},{"start":{"line":7,"column":2},"end":{"line":9,"column":3}}],"line":7},"4":{"loc":{"start":{"line":7,"column":6},"end":{"line":7,"column":31}},"type":"binary-expr","locations":[{"start":{"line":7,"column":6},"end":{"line":7,"column":12}},{"start":{"line":7,"column":16},"end":{"line":7,"column":31}}],"line":7},"5":{"loc":{"start":{"line":10,"column":9},"end":{"line":10,"column":51}},"type":"cond-expr","locations":[{"start":{"line":10,"column":32},"end":{"line":10,"column":42}},{"start":{"line":10,"column":45},"end":{"line":10,"column":51}}],"line":10}},"s":{"0":38,"1":1,"2":37,"3":37,"4":37,"5":12,"6":25},"f":{"0":38},"b":{"0":[31],"1":[1,37],"2":[12,25],"3":[12,25],"4":[37,25],"5":[11,14]},"_coverageSchema":"43e27e138ebf9cfc5966b082cf9a028302ed4184","hash":"d637ac60aad256d9bbc05f641bf607e5010b2d4a"}
}
