TN:
SF:/Users/akmarhw/Documents/redux-box/src/composeEnhancers.js
FN:14,composeEnhancers
FN:37,shouldEnableDevTools
FNF:2
FNH:2
FNDA:10,composeEnhancers
FNDA:10,shouldEnableDevTools
DA:16,10
DA:19,10
DA:22,10
DA:23,2
DA:24,2
DA:25,1
DA:27,1
DA:34,9
DA:38,10
DA:40,10
DA:41,1
DA:45,9
DA:48,8
DA:52,1
DA:55,7
LF:15
LH:15
BRDA:16,0,0,10
BRDA:16,0,1,10
BRDA:19,1,0,2
BRDA:19,1,1,8
BRDA:19,2,0,2
BRDA:19,2,1,0
BRDA:22,3,0,2
BRDA:22,3,1,8
BRDA:22,4,0,10
BRDA:22,4,1,9
BRDA:24,5,0,1
BRDA:24,5,1,1
BRDA:40,6,0,1
BRDA:40,6,1,9
BRDA:40,7,0,10
BRDA:40,7,1,3
BRDA:45,8,0,2
BRDA:45,8,1,7
BRDA:48,9,0,1
BRDA:48,9,1,7
BRDA:49,10,0,8
BRDA:49,10,1,8
BRF:22
BRH:21
end_of_record
TN:
SF:/Users/akmarhw/Documents/redux-box/src/connectStore.js
FN:24,connectStore
FN:26,(anonymous_1)
FN:29,(anonymous_2)
FN:34,mapStateToProps
FN:40,(anonymous_4)
FNF:5
FNH:0
FNDA:0,connectStore
FNDA:0,(anonymous_1)
FNDA:0,(anonymous_2)
FNDA:0,mapStateToProps
FNDA:0,(anonymous_4)
DA:26,0
DA:31,0
DA:35,0
DA:40,0
DA:41,0
DA:44,0
DA:48,0
LF:7
LH:0
BRDA:24,0,0,0
BRDA:26,1,0,0
BRDA:27,2,0,0
BRDA:28,3,0,0
BRDA:29,4,0,0
BRDA:30,5,0,0
BRF:6
BRH:0
end_of_record
TN:
SF:/Users/akmarhw/Documents/redux-box/src/createModule.js
FN:3,randomStr
FN:14,createModule
FN:19,(anonymous_2)
FN:22,(anonymous_3)
FN:24,(anonymous_4)
FNF:5
FNH:5
FNDA:9,randomStr
FNDA:3,createModule
FNDA:1,(anonymous_2)
FNDA:3,(anonymous_3)
FNDA:2,(anonymous_4)
DA:4,9
DA:15,3
DA:16,3
DA:20,1
DA:23,3
DA:24,3
DA:25,2
LF:7
LH:7
BRDA:25,0,0,1
BRDA:25,0,1,1
BRF:2
BRH:2
end_of_record
TN:
SF:/Users/akmarhw/Documents/redux-box/src/createSagas.js
FN:24,createSagas
FN:28,(anonymous_1)
FN:33,(anonymous_2)
FN:38,(anonymous_3)
FNF:4
FNH:2
FNDA:3,createSagas
FNDA:3,(anonymous_1)
FNDA:0,(anonymous_2)
FNDA:0,(anonymous_3)
DA:25,3
DA:26,3
DA:27,3
DA:28,3
DA:29,3
DA:30,3
DA:31,3
DA:33,3
DA:34,0
DA:37,3
DA:38,1
DA:39,0
DA:43,3
DA:45,3
LF:14
LH:12
BRDA:31,0,0,3
BRDA:31,0,1,1
BRDA:37,1,0,1
BRDA:37,1,1,2
BRF:4
BRH:4
end_of_record
TN:
SF:/Users/akmarhw/Documents/redux-box/src/createStore.js
FN:42,createStore
FN:60,(anonymous_1)
FN:87,rootSaga
FNF:3
FNH:3
FNDA:4,createStore
FNDA:4,(anonymous_1)
FNDA:4,rootSaga
DA:44,4
DA:47,4
DA:48,4
DA:51,4
DA:52,0
DA:56,4
DA:57,4
DA:60,4
DA:61,4
DA:62,4
DA:63,4
DA:64,4
DA:66,4
DA:67,4
DA:68,4
DA:71,4
DA:73,4
DA:74,4
DA:75,1
DA:77,4
DA:78,4
DA:80,4
DA:88,4
DA:89,2582
DA:90,2582
DA:92,0
DA:97,4
DA:98,4
LF:28
LH:26
BRDA:42,0,0,3
BRDA:51,1,0,0
BRDA:51,1,1,4
BRDA:66,2,0,4
BRDA:66,2,1,0
BRDA:71,3,0,1
BRDA:71,3,1,3
BRDA:74,4,0,1
BRDA:74,4,1,3
BRDA:77,5,0,4
BRDA:77,5,1,4
BRF:11
BRH:9
end_of_record
TN:
SF:/Users/akmarhw/Documents/redux-box/src/getReducer.js
FN:10,getReducer
FN:11,_reducer
FN:15,(anonymous_2)
FNF:3
FNH:3
FNDA:5,getReducer
FNDA:13,_reducer
FNDA:1,(anonymous_2)
DA:11,5
DA:12,13
DA:14,13
DA:15,1
DA:16,1
DA:18,1
DA:21,12
LF:7
LH:7
BRDA:11,0,0,12
BRDA:14,1,0,1
BRDA:14,1,1,12
BRF:3
BRH:3
end_of_record
TN:
SF:/Users/akmarhw/Documents/redux-box/src/index.js
FNF:0
FNH:0
LF:0
LH:0
BRF:0
BRH:0
end_of_record
TN:
SF:/Users/akmarhw/Documents/redux-box/src/moduleRegistry.js
FN:1,ModuleRegistry
FN:5,registerModule
FN:12,getModuleName
FNF:3
FNH:3
FNDA:2,ModuleRegistry
FNDA:4,registerModule
FNDA:4,getModuleName
DA:2,2
DA:5,2
DA:6,4
DA:12,2
DA:13,4
DA:16,2
LF:6
LH:6
BRDA:13,0,0,2
BRDA:13,0,1,2
BRF:2
BRH:2
end_of_record
TN:
SF:/Users/akmarhw/Documents/redux-box/src/utils/get.js
FN:1,get
FNF:1
FNH:1
FNDA:38,get
DA:2,38
DA:3,1
DA:5,37
DA:6,37
DA:7,37
DA:8,12
DA:10,25
LF:7
LH:7
BRDA:1,0,0,31
BRDA:2,1,0,1
BRDA:2,1,1,37
BRDA:5,2,0,12
BRDA:5,2,1,25
BRDA:7,3,0,12
BRDA:7,3,1,25
BRDA:7,4,0,37
BRDA:7,4,1,25
BRDA:10,5,0,11
BRDA:10,5,1,14
BRF:11
BRH:11
end_of_record
